Thu, 05 Apr 2012 15:15:43 +0800	[2]Division by zero	/app/sell.app.php	102
Thu, 05 Apr 2012 15:15:44 +0800	[2]Division by zero	/app/sell.app.php	102
Thu, 05 Apr 2012 15:15:44 +0800	[2]Division by zero	/app/sell.app.php	102
Thu, 05 Apr 2012 15:15:45 +0800	[2]Division by zero	/app/sell.app.php	102
Thu, 05 Apr 2012 15:18:06 +0800	[2]Division by zero	/app/sell.app.php	102
Thu, 05 Apr 2012 15:18:08 +0800	[2]Division by zero	/app/sell.app.php	102
Thu, 05 Apr 2012 15:18:08 +0800	[2]Division by zero	/app/sell.app.php	102
Thu, 05 Apr 2012 15:18:09 +0800	[2]Division by zero	/app/sell.app.php	102
Thu, 05 Apr 2012 15:30:18 +0800	[2]Division by zero	/app/sell.app.php	102
Thu, 05 Apr 2012 15:30:19 +0800	[2]Division by zero	/app/sell.app.php	102
Thu, 05 Apr 2012 15:30:19 +0800	[2]Division by zero	/app/sell.app.php	102
Thu, 05 Apr 2012 15:32:11 +0800	[2]Division by zero	/app/sell.app.php	102
Thu, 05 Apr 2012 15:32:28 +0800	[2]Division by zero	/app/sell.app.php	102
Thu, 05 Apr 2012 15:32:35 +0800	[2]Division by zero	/app/sell.app.php	102
Thu, 05 Apr 2012 15:34:10 +0800	[2]Division by zero	/app/sell.app.php	102
Thu, 05 Apr 2012 15:36:19 +0800	[2]Division by zero	/app/sell.app.php	102
Thu, 05 Apr 2012 15:36:58 +0800	[2]Division by zero	/app/sell.app.php	102
Thu, 05 Apr 2012 15:37:21 +0800	[2]Division by zero	/app/sell.app.php	102
Thu, 05 Apr 2012 15:37:58 +0800	[2]Division by zero	/app/sell.app.php	102
Thu, 05 Apr 2012 15:38:14 +0800	[2]Division by zero	/app/sell.app.php	102
Thu, 05 Apr 2012 15:38:20 +0800	[2]Division by zero	/app/sell.app.php	102
Thu, 05 Apr 2012 15:39:23 +0800	[2]Division by zero	/app/sell.app.php	102
Thu, 05 Apr 2012 15:39:53 +0800	[2]Division by zero	/app/sell.app.php	102
Thu, 05 Apr 2012 15:44:32 +0800	[2]Division by zero	/app/sell.app.php	103
Thu, 05 Apr 2012 15:45:04 +0800	[2]Division by zero	/app/sell.app.php	103
Thu, 05 Apr 2012 15:48:29 +0800	[2]Division by zero	/app/sell.app.php	103
Thu, 05 Apr 2012 15:51:00 +0800	[2]Division by zero	/app/sell.app.php	103
Thu, 05 Apr 2012 15:52:31 +0800	[2]Division by zero	/app/sell.app.php	103
Thu, 05 Apr 2012 15:53:03 +0800	[2]Division by zero	/app/sell.app.php	104
Thu, 05 Apr 2012 15:54:21 +0800	[2]Division by zero	/app/sell.app.php	103
Mon, 16 Apr 2012 09:10:24 +0800	[2]file_put_contents(/var/local/worldmall/erps.worldmall.cn/data/tasks.inc.php) [<a href='function.file-put-contents'>function.file-put-contents</a>]: failed to open stream: Permission denied	/includes/libraries/cron.lib.php	358
Mon, 16 Apr 2012 09:10:25 +0800	[2]file_put_contents(/var/local/worldmall/erps.worldmall.cn/data/tasks.inc.php) [<a href='function.file-put-contents'>function.file-put-contents</a>]: failed to open stream: Permission denied	/includes/libraries/cron.lib.php	358
Mon, 16 Apr 2012 09:10:48 +0800	[2]file_put_contents(/var/local/worldmall/erps.worldmall.cn/data/tasks.inc.php) [<a href='function.file-put-contents'>function.file-put-contents</a>]: failed to open stream: Permission denied	/includes/libraries/cron.lib.php	358
Mon, 16 Apr 2012 09:10:56 +0800	[2]file_put_contents(/var/local/worldmall/erps.worldmall.cn/data/tasks.inc.php) [<a href='function.file-put-contents'>function.file-put-contents</a>]: failed to open stream: Permission denied	/includes/libraries/cron.lib.php	358
Mon, 16 Apr 2012 09:10:56 +0800	[2]file_put_contents(/var/local/worldmall/erps.worldmall.cn/data/tasks.inc.php) [<a href='function.file-put-contents'>function.file-put-contents</a>]: failed to open stream: Permission denied	/includes/libraries/cron.lib.php	358
Mon, 16 Apr 2012 09:10:59 +0800	[2]file_put_contents(/var/local/worldmall/erps.worldmall.cn/data/tasks.inc.php) [<a href='function.file-put-contents'>function.file-put-contents</a>]: failed to open stream: Permission denied	/includes/libraries/cron.lib.php	358
Mon, 16 Apr 2012 09:11:02 +0800	[2]file_put_contents(/var/local/worldmall/erps.worldmall.cn/data/tasks.inc.php) [<a href='function.file-put-contents'>function.file-put-contents</a>]: failed to open stream: Permission denied	/includes/libraries/cron.lib.php	358
Mon, 16 Apr 2012 09:11:04 +0800	[2]file_put_contents(/var/local/worldmall/erps.worldmall.cn/data/tasks.inc.php) [<a href='function.file-put-contents'>function.file-put-contents</a>]: failed to open stream: Permission denied	/includes/libraries/cron.lib.php	358
Mon, 16 Apr 2012 09:11:05 +0800	[2]file_put_contents(/var/local/worldmall/erps.worldmall.cn/data/tasks.inc.php) [<a href='function.file-put-contents'>function.file-put-contents</a>]: failed to open stream: Permission denied	/includes/libraries/cron.lib.php	358
Mon, 16 Apr 2012 09:11:05 +0800	[2]file_put_contents(/var/local/worldmall/erps.worldmall.cn/data/tasks.inc.php) [<a href='function.file-put-contents'>function.file-put-contents</a>]: failed to open stream: Permission denied	/includes/libraries/cron.lib.php	358
Mon, 16 Apr 2012 09:11:07 +0800	[2]file_put_contents(/var/local/worldmall/erps.worldmall.cn/data/tasks.inc.php) [<a href='function.file-put-contents'>function.file-put-contents</a>]: failed to open stream: Permission denied	/includes/libraries/cron.lib.php	358
Mon, 16 Apr 2012 09:11:07 +0800	[2]file_put_contents(/var/local/worldmall/erps.worldmall.cn/data/tasks.inc.php) [<a href='function.file-put-contents'>function.file-put-contents</a>]: failed to open stream: Permission denied	/includes/libraries/cron.lib.php	358
Mon, 16 Apr 2012 09:11:08 +0800	[2]file_put_contents(/var/local/worldmall/erps.worldmall.cn/data/tasks.inc.php) [<a href='function.file-put-contents'>function.file-put-contents</a>]: failed to open stream: Permission denied	/includes/libraries/cron.lib.php	358
Mon, 16 Apr 2012 09:11:08 +0800	[2]file_put_contents(/var/local/worldmall/erps.worldmall.cn/data/tasks.inc.php) [<a href='function.file-put-contents'>function.file-put-contents</a>]: failed to open stream: Permission denied	/includes/libraries/cron.lib.php	358
Mon, 16 Apr 2012 09:13:07 +0800	[2]include(/var/local/worldmall/erps.worldmall.cn/languages/LANG/common.lang.php) [<a href='function.include'>function.include</a>]: failed to open stream: No such file or directory	/eccore/ecmall.php	219
Mon, 16 Apr 2012 09:13:08 +0800	[2]include(/var/local/worldmall/erps.worldmall.cn/languages/LANG/common.lang.php) [<a href='function.include'>function.include</a>]: failed to open stream: No such file or directory	/eccore/ecmall.php	219
Mon, 16 Apr 2012 09:13:09 +0800	[2]include(/var/local/worldmall/erps.worldmall.cn/languages/LANG/common.lang.php) [<a href='function.include'>function.include</a>]: failed to open stream: No such file or directory	/eccore/ecmall.php	219
Mon, 16 Apr 2012 09:13:11 +0800	[2]include(/var/local/worldmall/erps.worldmall.cn/languages/LANG/common.lang.php) [<a href='function.include'>function.include</a>]: failed to open stream: No such file or directory	/eccore/ecmall.php	219
Mon, 16 Apr 2012 09:13:18 +0800	[2]include(/var/local/worldmall/erps.worldmall.cn/languages/LANG/common.lang.php) [<a href='function.include'>function.include</a>]: failed to open stream: No such file or directory	/eccore/ecmall.php	219
Mon, 16 Apr 2012 09:13:18 +0800	[2]include(/var/local/worldmall/erps.worldmall.cn/languages/LANG/common.lang.php) [<a href='function.include'>function.include</a>]: failed to open stream: No such file or directory	/eccore/ecmall.php	219
Mon, 16 Apr 2012 09:15:39 +0800	[2]file_put_contents(/var/local/worldmall/erps.worldmall.cn/temp/query_caches/config_file_e8bc67e04fef11987f676b0e7ca5b534.php) [<a href='function.file-put-contents'>function.file-put-contents</a>]: failed to open stream: Permission denied	/eccore/model/mysql.php	183
Mon, 16 Apr 2012 09:15:41 +0800	[2]file_put_contents(/var/local/worldmall/erps.worldmall.cn/temp/query_caches/config_file_e8bc67e04fef11987f676b0e7ca5b534.php) [<a href='function.file-put-contents'>function.file-put-contents</a>]: failed to open stream: Permission denied	/eccore/model/mysql.php	183
Mon, 16 Apr 2012 09:15:42 +0800	[2]file_put_contents(/var/local/worldmall/erps.worldmall.cn/temp/query_caches/config_file_e8bc67e04fef11987f676b0e7ca5b534.php) [<a href='function.file-put-contents'>function.file-put-contents</a>]: failed to open stream: Permission denied	/eccore/model/mysql.php	183
Mon, 16 Apr 2012 09:15:46 +0800	[2]file_put_contents(/var/local/worldmall/erps.worldmall.cn/temp/query_caches/config_file_e8bc67e04fef11987f676b0e7ca5b534.php) [<a href='function.file-put-contents'>function.file-put-contents</a>]: failed to open stream: Permission denied	/eccore/model/mysql.php	183
Mon, 16 Apr 2012 09:15:49 +0800	[2]file_put_contents(/var/local/worldmall/erps.worldmall.cn/temp/query_caches/config_file_e8bc67e04fef11987f676b0e7ca5b534.php) [<a href='function.file-put-contents'>function.file-put-contents</a>]: failed to open stream: Permission denied	/eccore/model/mysql.php	183
Mon, 16 Apr 2012 09:15:53 +0800	[2]file_put_contents(/var/local/worldmall/erps.worldmall.cn/temp/query_caches/config_file_e8bc67e04fef11987f676b0e7ca5b534.php) [<a href='function.file-put-contents'>function.file-put-contents</a>]: failed to open stream: Permission denied	/eccore/model/mysql.php	183
Mon, 16 Apr 2012 09:15:55 +0800	[2]file_put_contents(/var/local/worldmall/erps.worldmall.cn/temp/query_caches/config_file_e8bc67e04fef11987f676b0e7ca5b534.php) [<a href='function.file-put-contents'>function.file-put-contents</a>]: failed to open stream: Permission denied	/eccore/model/mysql.php	183
Mon, 16 Apr 2012 09:15:56 +0800	[2]file_put_contents(/var/local/worldmall/erps.worldmall.cn/temp/query_caches/config_file_e8bc67e04fef11987f676b0e7ca5b534.php) [<a href='function.file-put-contents'>function.file-put-contents</a>]: failed to open stream: Permission denied	/eccore/model/mysql.php	183
Mon, 16 Apr 2012 09:15:56 +0800	[2]file_put_contents(/var/local/worldmall/erps.worldmall.cn/temp/query_caches/config_file_e8bc67e04fef11987f676b0e7ca5b534.php) [<a href='function.file-put-contents'>function.file-put-contents</a>]: failed to open stream: Permission denied	/eccore/model/mysql.php	183
Mon, 16 Apr 2012 09:16:01 +0800	[2]file_put_contents(/var/local/worldmall/erps.worldmall.cn/temp/query_caches/config_file_e8bc67e04fef11987f676b0e7ca5b534.php) [<a href='function.file-put-contents'>function.file-put-contents</a>]: failed to open stream: Permission denied	/eccore/model/mysql.php	183
Mon, 16 Apr 2012 09:16:40 +0800	[2]file_put_contents(/var/local/worldmall/erps.worldmall.cn/temp/query_caches/config_file_e8bc67e04fef11987f676b0e7ca5b534.php) [<a href='function.file-put-contents'>function.file-put-contents</a>]: failed to open stream: Permission denied	/eccore/model/mysql.php	183
Mon, 16 Apr 2012 09:16:44 +0800	[2]file_put_contents(/var/local/worldmall/erps.worldmall.cn/temp/query_caches/config_file_e8bc67e04fef11987f676b0e7ca5b534.php) [<a href='function.file-put-contents'>function.file-put-contents</a>]: failed to open stream: Permission denied	/eccore/model/mysql.php	183
Mon, 16 Apr 2012 09:16:52 +0800	[2]file_put_contents(/var/local/worldmall/erps.worldmall.cn/temp/query_caches/config_file_e8bc67e04fef11987f676b0e7ca5b534.php) [<a href='function.file-put-contents'>function.file-put-contents</a>]: failed to open stream: Permission denied	/eccore/model/mysql.php	183
Mon, 16 Apr 2012 09:16:52 +0800	[2]file_put_contents(/var/local/worldmall/erps.worldmall.cn/temp/query_caches/config_file_e8bc67e04fef11987f676b0e7ca5b534.php) [<a href='function.file-put-contents'>function.file-put-contents</a>]: failed to open stream: Permission denied	/eccore/model/mysql.php	183
Mon, 16 Apr 2012 09:16:52 +0800	[2]file_put_contents(/var/local/worldmall/erps.worldmall.cn/temp/query_caches/config_file_e8bc67e04fef11987f676b0e7ca5b534.php) [<a href='function.file-put-contents'>function.file-put-contents</a>]: failed to open stream: Permission denied	/eccore/model/mysql.php	183
Mon, 16 Apr 2012 09:16:52 +0800	[2]file_put_contents(/var/local/worldmall/erps.worldmall.cn/temp/query_caches/config_file_e8bc67e04fef11987f676b0e7ca5b534.php) [<a href='function.file-put-contents'>function.file-put-contents</a>]: failed to open stream: Permission denied	/eccore/model/mysql.php	183
Mon, 16 Apr 2012 09:16:53 +0800	[2]file_put_contents(/var/local/worldmall/erps.worldmall.cn/temp/query_caches/config_file_e8bc67e04fef11987f676b0e7ca5b534.php) [<a href='function.file-put-contents'>function.file-put-contents</a>]: failed to open stream: Permission denied	/eccore/model/mysql.php	183
Mon, 16 Apr 2012 09:16:53 +0800	[2]file_put_contents(/var/local/worldmall/erps.worldmall.cn/temp/query_caches/config_file_e8bc67e04fef11987f676b0e7ca5b534.php) [<a href='function.file-put-contents'>function.file-put-contents</a>]: failed to open stream: Permission denied	/eccore/model/mysql.php	183
Mon, 16 Apr 2012 09:18:23 +0800	[2]file_put_contents(/var/local/worldmall/erps.worldmall.cn/temp/query_caches/config_file_e8bc67e04fef11987f676b0e7ca5b534.php) [<a href='function.file-put-contents'>function.file-put-contents</a>]: failed to open stream: Permission denied	/eccore/model/mysql.php	183
Mon, 16 Apr 2012 09:18:24 +0800	[2]file_put_contents(/var/local/worldmall/erps.worldmall.cn/temp/query_caches/config_file_e8bc67e04fef11987f676b0e7ca5b534.php) [<a href='function.file-put-contents'>function.file-put-contents</a>]: failed to open stream: Permission denied	/eccore/model/mysql.php	183
Mon, 16 Apr 2012 09:18:24 +0800	[2]file_put_contents(/var/local/worldmall/erps.worldmall.cn/temp/query_caches/config_file_e8bc67e04fef11987f676b0e7ca5b534.php) [<a href='function.file-put-contents'>function.file-put-contents</a>]: failed to open stream: Permission denied	/eccore/model/mysql.php	183
Mon, 16 Apr 2012 09:18:24 +0800	[2]file_put_contents(/var/local/worldmall/erps.worldmall.cn/temp/query_caches/config_file_e8bc67e04fef11987f676b0e7ca5b534.php) [<a href='function.file-put-contents'>function.file-put-contents</a>]: failed to open stream: Permission denied	/eccore/model/mysql.php	183
Mon, 16 Apr 2012 09:18:24 +0800	[2]file_put_contents(/var/local/worldmall/erps.worldmall.cn/temp/query_caches/config_file_e8bc67e04fef11987f676b0e7ca5b534.php) [<a href='function.file-put-contents'>function.file-put-contents</a>]: failed to open stream: Permission denied	/eccore/model/mysql.php	183
Mon, 16 Apr 2012 09:18:24 +0800	[2]file_put_contents(/var/local/worldmall/erps.worldmall.cn/temp/query_caches/config_file_e8bc67e04fef11987f676b0e7ca5b534.php) [<a href='function.file-put-contents'>function.file-put-contents</a>]: failed to open stream: Permission denied	/eccore/model/mysql.php	183
Mon, 16 Apr 2012 09:19:37 +0800	[2]file_put_contents(/var/local/worldmall/erps.worldmall.cn/temp/query_caches/config_file_e8bc67e04fef11987f676b0e7ca5b534.php) [<a href='function.file-put-contents'>function.file-put-contents</a>]: failed to open stream: Permission denied	/eccore/model/mysql.php	183
Mon, 16 Apr 2012 09:19:37 +0800	[2]file_put_contents(/var/local/worldmall/erps.worldmall.cn/temp/query_caches/config_file_e8bc67e04fef11987f676b0e7ca5b534.php) [<a href='function.file-put-contents'>function.file-put-contents</a>]: failed to open stream: Permission denied	/eccore/model/mysql.php	183
Mon, 16 Apr 2012 09:19:37 +0800	[2]file_put_contents(/var/local/worldmall/erps.worldmall.cn/temp/query_caches/config_file_e8bc67e04fef11987f676b0e7ca5b534.php) [<a href='function.file-put-contents'>function.file-put-contents</a>]: failed to open stream: Permission denied	/eccore/model/mysql.php	183
Mon, 16 Apr 2012 09:19:37 +0800	[2]file_put_contents(/var/local/worldmall/erps.worldmall.cn/temp/query_caches/config_file_e8bc67e04fef11987f676b0e7ca5b534.php) [<a href='function.file-put-contents'>function.file-put-contents</a>]: failed to open stream: Permission denied	/eccore/model/mysql.php	183
Mon, 16 Apr 2012 09:19:38 +0800	[2]file_put_contents(/var/local/worldmall/erps.worldmall.cn/temp/query_caches/config_file_e8bc67e04fef11987f676b0e7ca5b534.php) [<a href='function.file-put-contents'>function.file-put-contents</a>]: failed to open stream: Permission denied	/eccore/model/mysql.php	183
Mon, 16 Apr 2012 09:19:46 +0800	[2]file_put_contents(/var/local/worldmall/erps.worldmall.cn/temp/query_caches/config_file_e8bc67e04fef11987f676b0e7ca5b534.php) [<a href='function.file-put-contents'>function.file-put-contents</a>]: failed to open stream: Permission denied	/eccore/model/mysql.php	183
Mon, 16 Apr 2012 09:19:50 +0800	[2]file_put_contents(/var/local/worldmall/erps.worldmall.cn/temp/query_caches/config_file_e8bc67e04fef11987f676b0e7ca5b534.php) [<a href='function.file-put-contents'>function.file-put-contents</a>]: failed to open stream: Permission denied	/eccore/model/mysql.php	183
Mon, 16 Apr 2012 09:22:15 +0800	[2]file_put_contents(/var/local/worldmall/erps.worldmall.cn/temp/query_caches/config_file_e8bc67e04fef11987f676b0e7ca5b534.php) [<a href='function.file-put-contents'>function.file-put-contents</a>]: failed to open stream: Permission denied	/eccore/model/mysql.php	183
Mon, 16 Apr 2012 09:22:17 +0800	[2]file_put_contents(/var/local/worldmall/erps.worldmall.cn/temp/query_caches/config_file_e8bc67e04fef11987f676b0e7ca5b534.php) [<a href='function.file-put-contents'>function.file-put-contents</a>]: failed to open stream: Permission denied	/eccore/model/mysql.php	183
Mon, 16 Apr 2012 09:22:18 +0800	[2]file_put_contents(/var/local/worldmall/erps.worldmall.cn/temp/query_caches/config_file_e8bc67e04fef11987f676b0e7ca5b534.php) [<a href='function.file-put-contents'>function.file-put-contents</a>]: failed to open stream: Permission denied	/eccore/model/mysql.php	183
Mon, 16 Apr 2012 09:22:20 +0800	[2]file_put_contents(/var/local/worldmall/erps.worldmall.cn/temp/query_caches/config_file_e8bc67e04fef11987f676b0e7ca5b534.php) [<a href='function.file-put-contents'>function.file-put-contents</a>]: failed to open stream: Permission denied	/eccore/model/mysql.php	183
Mon, 16 Apr 2012 09:22:23 +0800	[2]file_put_contents(/var/local/worldmall/erps.worldmall.cn/temp/query_caches/config_file_e8bc67e04fef11987f676b0e7ca5b534.php) [<a href='function.file-put-contents'>function.file-put-contents</a>]: failed to open stream: Permission denied	/eccore/model/mysql.php	183
Mon, 16 Apr 2012 09:22:30 +0800	[2]file_put_contents(/var/local/worldmall/erps.worldmall.cn/temp/query_caches/config_file_e8bc67e04fef11987f676b0e7ca5b534.php) [<a href='function.file-put-contents'>function.file-put-contents</a>]: failed to open stream: Permission denied	/eccore/model/mysql.php	183
Mon, 16 Apr 2012 09:22:32 +0800	[2]file_put_contents(/var/local/worldmall/erps.worldmall.cn/temp/query_caches/config_file_e8bc67e04fef11987f676b0e7ca5b534.php) [<a href='function.file-put-contents'>function.file-put-contents</a>]: failed to open stream: Permission denied	/eccore/model/mysql.php	183
Sat, 21 Apr 2012 15:47:23 +0800	[2]Invalid argument supplied for foreach()	/app/returned.app.php	198
Sat, 21 Apr 2012 15:58:26 +0800	[2]Invalid argument supplied for foreach()	/app/returned.app.php	198
Wed, 25 Apr 2012 14:40:15 +0800	[256]MySQL Error[1054]: Unknown column 'wyf20120425' in 'where clause'
MySQL Query:SELECT *,g.goods_id FROM ecm_goods g WHERE barcode=wyf20120425
Wrong File:  /var/local/worldmall/erps.worldmall.cn/eccore/model/mysql.php[533]	/eccore/model/mysql.php	285
Wed, 25 Apr 2012 14:56:48 +0800	[2]Invalid argument supplied for foreach()	/app/sell.app.php	436
Wed, 25 Apr 2012 14:58:29 +0800	[256]MySQL Error[1064]: You have an error in your SQL syntax; check the manual that corresponds to your MySQL server version for the right syntax to use near '' at line 1
MySQL Query:SELECT *,g.goods_id FROM ecm_goods g WHERE barcode=
Wrong File:  /var/local/worldmall/erps.worldmall.cn/eccore/model/mysql.php[533]	/eccore/model/mysql.php	285
Wed, 25 Apr 2012 15:07:10 +0800	[2]Invalid argument supplied for foreach()	/app/returned.app.php	198
Wed, 25 Apr 2012 15:10:08 +0800	[2]Invalid argument supplied for foreach()	/app/returned.app.php	198
Wed, 25 Apr 2012 15:38:14 +0800	[256]MySQL Error[1064]: You have an error in your SQL syntax; check the manual that corresponds to your MySQL server version for the right syntax to use near '' at line 1
MySQL Query:SELECT *,g.goods_id FROM ecm_goods g WHERE barcode=
Wrong File:  /var/local/worldmall/erps.worldmall.cn/eccore/model/mysql.php[533]	/eccore/model/mysql.php	285
Wed, 25 Apr 2012 16:37:04 +0800	[256]MySQL Error[1064]: You have an error in your SQL syntax; check the manual that corresponds to your MySQL server version for the right syntax to use near '' at line 1
MySQL Query:SELECT *,g.goods_id FROM ecm_goods g WHERE barcode=
Wrong File:  /var/local/worldmall/erps.worldmall.cn/eccore/model/mysql.php[533]	/eccore/model/mysql.php	285
Wed, 25 Apr 2012 16:41:50 +0800	[256]MySQL Error[1064]: You have an error in your SQL syntax; check the manual that corresponds to your MySQL server version for the right syntax to use near '' at line 1
MySQL Query:SELECT *,g.goods_id FROM ecm_goods g WHERE barcode=
Wrong File:  /var/local/worldmall/erps.worldmall.cn/eccore/model/mysql.php[533]	/eccore/model/mysql.php	285
Wed, 25 Apr 2012 18:21:05 +0800	[256]MySQL Error[1064]: You have an error in your SQL syntax; check the manual that corresponds to your MySQL server version for the right syntax to use near '' at line 1
MySQL Query:SELECT *,g.goods_id FROM ecm_goods g WHERE barcode=
Wrong File:  /var/local/worldmall/erps.worldmall.cn/eccore/model/mysql.php[533]	/eccore/model/mysql.php	285
Wed, 25 Apr 2012 19:29:59 +0800	[256]MySQL Error[1064]: You have an error in your SQL syntax; check the manual that corresponds to your MySQL server version for the right syntax to use near '' at line 1
MySQL Query:SELECT *,g.goods_id FROM ecm_goods g WHERE barcode=
Wrong File:  /var/local/worldmall/erps.worldmall.cn/eccore/model/mysql.php[533]	/eccore/model/mysql.php	285
Wed, 25 Apr 2012 19:30:13 +0800	[256]MySQL Error[1064]: You have an error in your SQL syntax; check the manual that corresponds to your MySQL server version for the right syntax to use near '' at line 1
MySQL Query:SELECT *,g.goods_id FROM ecm_goods g WHERE barcode=
Wrong File:  /var/local/worldmall/erps.worldmall.cn/eccore/model/mysql.php[533]	/eccore/model/mysql.php	285
Wed, 25 Apr 2012 19:30:17 +0800	[256]MySQL Error[1064]: You have an error in your SQL syntax; check the manual that corresponds to your MySQL server version for the right syntax to use near '' at line 1
MySQL Query:SELECT *,g.goods_id FROM ecm_goods g WHERE barcode=
Wrong File:  /var/local/worldmall/erps.worldmall.cn/eccore/model/mysql.php[533]	/eccore/model/mysql.php	285
Thu, 26 Apr 2012 09:10:47 +0800	[256]MySQL Error[1064]: You have an error in your SQL syntax; check the manual that corresponds to your MySQL server version for the right syntax to use near '' at line 1
MySQL Query:SELECT *,g.goods_id FROM ecm_goods g WHERE barcode=
Wrong File:  /var/local/worldmall/erps.worldmall.cn/eccore/model/mysql.php[533]	/eccore/model/mysql.php	285
Fri, 27 Apr 2012 13:15:47 +0800	[256]MySQL Error[1064]: You have an error in your SQL syntax; check the manual that corresponds to your MySQL server version for the right syntax to use near '' at line 1
MySQL Query:SELECT *,g.goods_id FROM ecm_goods g WHERE barcode=
Wrong File:  /var/local/worldmall/erps.worldmall.cn/eccore/model/mysql.php[533]	/eccore/model/mysql.php	285
Fri, 27 Apr 2012 16:29:26 +0800	[256]MySQL Error[1064]: You have an error in your SQL syntax; check the manual that corresponds to your MySQL server version for the right syntax to use near '' at line 1
MySQL Query:SELECT *,g.goods_id FROM ecm_goods g WHERE barcode=
Wrong File:  /var/local/worldmall/erps.worldmall.cn/eccore/model/mysql.php[533]	/eccore/model/mysql.php	285
