Tue, 31 Jul 2012 10:33:59 +0800	[2]require_once(PHPExcel.php) [<a href='function.require-once'>function.require-once</a>]: failed to open stream: No such file or directory	/app/goods.app.php	389
Tue, 31 Jul 2012 10:35:41 +0800	[2]require_once(PHPExcel.php) [<a href='function.require-once'>function.require-once</a>]: failed to open stream: No such file or directory	/app/goods.app.php	389
Tue, 31 Jul 2012 10:36:44 +0800	[2]require_once(/var/local/worldmall/erps.worldmall.cn\includes\libraries\PHPExcelPHPExcel.php) [<a href='function.require-once'>function.require-once</a>]: failed to open stream: No such file or directory	/app/goods.app.php	389
Tue, 31 Jul 2012 10:37:40 +0800	[2]stream_wrapper_unregister() [<a href='function.stream-wrapper-unregister'>function.stream-wrapper-unregister</a>]: Unable to unregister protocol zip://	/includes/libraries/PHPExcel/PHPExcel/Shared/ZipStreamWrapper.php	69
Tue, 31 Jul 2012 10:40:23 +0800	[2]require_once(PHPExcel.php) [<a href='function.require-once'>function.require-once</a>]: failed to open stream: No such file or directory	/app/goods.app.php	389
Tue, 31 Jul 2012 10:42:50 +0800	[2]require_once(PHPExcel.php) [<a href='function.require-once'>function.require-once</a>]: failed to open stream: No such file or directory	/app/goods.app.php	389
Tue, 31 Jul 2012 10:45:20 +0800	[2]require_once(PHPExcel.php) [<a href='function.require-once'>function.require-once</a>]: failed to open stream: No such file or directory	/app/goods.app.php	389
Tue, 31 Jul 2012 11:02:08 +0800	[2]require_once(PHPExcel.php) [<a href='function.require-once'>function.require-once</a>]: failed to open stream: No such file or directory	/app/goods.app.php	389
Tue, 31 Jul 2012 11:02:38 +0800	[2]include_once(PHPExcel.php) [<a href='function.include-once'>function.include-once</a>]: failed to open stream: No such file or directory	/app/goods.app.php	389
Tue, 31 Jul 2012 11:03:00 +0800	[2]include_once(PHPExcel.php) [<a href='function.include-once'>function.include-once</a>]: failed to open stream: No such file or directory	/app/goods.app.php	389
Tue, 31 Jul 2012 11:04:19 +0800	[2]require_once(PHPExcel.php) [<a href='function.require-once'>function.require-once</a>]: failed to open stream: No such file or directory	/app/goods.app.php	389
Tue, 31 Jul 2012 11:05:47 +0800	[2]require_once(PHPExcel.php) [<a href='function.require-once'>function.require-once</a>]: failed to open stream: No such file or directory	/app/goods.app.php	389
Tue, 31 Jul 2012 11:06:10 +0800	[2]require_once(PHPExcel.php) [<a href='function.require-once'>function.require-once</a>]: failed to open stream: No such file or directory	/app/goods.app.php	389
Tue, 31 Jul 2012 11:06:38 +0800	[2]require_once(PHPExcel.php) [<a href='function.require-once'>function.require-once</a>]: failed to open stream: No such file or directory	/app/goods.app.php	389
Tue, 31 Jul 2012 11:07:06 +0800	[2]require_once(/var/local/worldmall/erps.worldmall.cn\includes\libraries\PHPExcel\PHPExcel.php) [<a href='function.require-once'>function.require-once</a>]: failed to open stream: No such file or directory	/app/goods.app.php	389
Tue, 31 Jul 2012 11:07:40 +0800	[2]require_once(/var/local/worldmall/erps.worldmall.cn\includes\libraries\PHPExcel\PHPExcel.php) [<a href='function.require-once'>function.require-once</a>]: failed to open stream: No such file or directory	/app/goods.app.php	390
Tue, 31 Jul 2012 11:08:38 +0800	[2]stream_wrapper_unregister() [<a href='function.stream-wrapper-unregister'>function.stream-wrapper-unregister</a>]: Unable to unregister protocol zip://	/includes/libraries/PHPExcel/PHPExcel/Shared/ZipStreamWrapper.php	69
Tue, 31 Jul 2012 11:09:49 +0800	[2]stream_wrapper_unregister() [<a href='function.stream-wrapper-unregister'>function.stream-wrapper-unregister</a>]: Unable to unregister protocol zip://	/includes/libraries/PHPExcel/PHPExcel/Shared/ZipStreamWrapper.php	69
Tue, 31 Jul 2012 11:13:39 +0800	[2]stream_wrapper_unregister() [<a href='function.stream-wrapper-unregister'>function.stream-wrapper-unregister</a>]: Unable to unregister protocol zip://	/includes/libraries/PHPExcel/PHPExcel/Shared/ZipStreamWrapper.php	69
Tue, 31 Jul 2012 11:14:16 +0800	[2]require_once(PHPExcel.php) [<a href='function.require-once'>function.require-once</a>]: failed to open stream: No such file or directory	/app/goods.app.php	391
Tue, 31 Jul 2012 18:41:13 +0800	[256]MySQL Error[1054]: Unknown column 'add_user_name' in 'field list'
MySQL Query:INSERT INTO ecm_goods(stock_type,store_goods_code,barcode,goods_code,goods_category,goods_name,goods_brand,goods_colour,goods_weight,goods_specification,unit,price_crane,price_retail,price_wholesale,price_purchase,purchase_discount,add_time,update_time,add_user_name) VALUES('2','1013-黄 ','6905944905818 ','SX1221221897','lagangxiang','1013-黄','迈司迪','黄色','','45.5*13*31+23 ','件','','','','26','','1343702473','1343702473','admin')
Wrong File:  /var/local/worldmall/erps.worldmall.cn/eccore/model/model.base.php[306]	/eccore/model/mysql.php	285
